This file contains any messages produced by compilers while
running configure, to aid debugging if configure makes a mistake.

It was created by FULL-PACKAGE-NAME configure VERSION, which was
generated by GNU Autoconf 2.69.  Invocation command line was

  $ ./configure 

## --------- ##
## Platform. ##
## --------- ##

hostname = GarAus
uname -m = x86_64
uname -r = 4.7.4-1-ARCH
uname -s = Linux
uname -v = #1 SMP PREEMPT Thu Sep 15 15:24:29 CEST 2016

/usr/bin/uname -p = unknown
/bin/uname -X     = unknown

/bin/arch              = unknown
/usr/bin/arch -k       = unknown
/usr/convex/getsysinfo = unknown
/usr/bin/hostinfo      = unknown
/bin/machine           = unknown
/usr/bin/oslevel       = unknown
/bin/universe          = unknown

PATH: /mnt/hdd/home/yousry/opt/cuda/lib64
PATH: /mnt/hdd/home/yousry/.gem/ruby/2.3.0/bin
PATH: /mnt/hdd/home/yousry/.gem/ruby/2.2.0/bin
PATH: /mnt/hdd/home/yousry/Dokumente/sourceProjects/emscripten/emscripten/emscripten
PATH: /mnt/hdd/home/yousry/gpgLocal/bin
PATH: /mnt/hdd/home/yousry/bin
PATH: /home/yousry/opt/scala/bin
PATH: /mnt/hdd/home/yousry/GNUstep/Tools
PATH: /usr/GNUstep/Local/Tools
PATH: /usr/GNUstep/System/Tools
PATH: /usr/local/sbin
PATH: /usr/local/bin
PATH: /usr/bin
PATH: /opt/cuda/bin
PATH: /usr/lib/jvm/default/bin
PATH: /usr/bin/site_perl
PATH: /usr/bin/vendor_perl
PATH: /usr/bin/core_perl


## ----------- ##
## Core tests. ##
## ----------- ##

configure:2244: checking for gcc
configure:2271: result: clang
configure:2500: checking for C compiler version
configure:2509: clang --version >&5
clang version 4.0.0 (trunk 277804)
Target: x86_64-unknown-linux-gnu
Thread model: posix
InstalledDir: /usr/local/bin
configure:2520: $? = 0
configure:2509: clang -v >&5
clang version 4.0.0 (trunk 277804)
Target: x86_64-unknown-linux-gnu
Thread model: posix
InstalledDir: /usr/local/bin
Found candidate GCC installation: /usr/lib/gcc/x86_64-pc-linux-gnu/5.4.0
Found candidate GCC installation: /usr/lib/gcc/x86_64-pc-linux-gnu/6.2.1
Found candidate GCC installation: /usr/lib64/gcc/x86_64-pc-linux-gnu/5.4.0
Found candidate GCC installation: /usr/lib64/gcc/x86_64-pc-linux-gnu/6.2.1
Selected GCC installation: /usr/lib64/gcc/x86_64-pc-linux-gnu/6.2.1
Candidate multilib: .;@m64
... rest of stderr output deleted ...
configure:2520: $? = 0
configure:2509: clang -V >&5
clang-3.9: error: argument to '-V' is missing (expected 1 value)
clang-3.9: error: no input files
configure:2520: $? = 1
configure:2509: clang -qversion >&5
clang-3.9: error: unknown argument: '-qversion'
clang-3.9: error: no input files
configure:2520: $? = 1
configure:2540: checking whether the C compiler works
configure:2562: clang    conftest.c  >&5
configure:2566: $? = 0
configure:2614: result: yes
configure:2617: checking for C compiler default output file name
configure:2619: result: a.out
configure:2625: checking for suffix of executables
configure:2632: clang -o conftest    conftest.c  >&5
configure:2636: $? = 0
configure:2658: result: 
configure:2680: checking whether we are cross compiling
configure:2688: clang -o conftest    conftest.c  >&5
configure:2692: $? = 0
configure:2699: ./conftest
configure:2703: $? = 0
configure:2718: result: no
configure:2723: checking for suffix of object files
configure:2745: clang -c   conftest.c >&5
configure:2749: $? = 0
configure:2770: result: o
configure:2774: checking whether we are using the GNU C compiler
configure:2793: clang -c   conftest.c >&5
configure:2793: $? = 0
configure:2802: result: yes
configure:2811: checking whether clang accepts -g
configure:2831: clang -c -g  conftest.c >&5
configure:2831: $? = 0
configure:2872: result: yes
configure:2889: checking for clang option to accept ISO C89
configure:2952: clang  -c -g -O2  conftest.c >&5
configure:2952: $? = 0
configure:2965: result: none needed
configure:3097: checking for C++ compiler version
configure:3106: clang++ --version >&5
clang version 4.0.0 (trunk 277804)
Target: x86_64-unknown-linux-gnu
Thread model: posix
InstalledDir: /usr/local/bin
configure:3117: $? = 0
configure:3106: clang++ -v >&5
clang version 4.0.0 (trunk 277804)
Target: x86_64-unknown-linux-gnu
Thread model: posix
InstalledDir: /usr/local/bin
Found candidate GCC installation: /usr/lib/gcc/x86_64-pc-linux-gnu/5.4.0
Found candidate GCC installation: /usr/lib/gcc/x86_64-pc-linux-gnu/6.2.1
Found candidate GCC installation: /usr/lib64/gcc/x86_64-pc-linux-gnu/5.4.0
Found candidate GCC installation: /usr/lib64/gcc/x86_64-pc-linux-gnu/6.2.1
Selected GCC installation: /usr/lib64/gcc/x86_64-pc-linux-gnu/6.2.1
Candidate multilib: .;@m64
... rest of stderr output deleted ...
configure:3117: $? = 0
configure:3106: clang++ -V >&5
clang-3.9: error: argument to '-V' is missing (expected 1 value)
clang-3.9: error: no input files
configure:3117: $? = 1
configure:3106: clang++ -qversion >&5
clang-3.9: error: unknown argument: '-qversion'
clang-3.9: error: no input files
configure:3117: $? = 1
configure:3121: checking whether we are using the GNU C++ compiler
configure:3140: clang++ -c   conftest.cpp >&5
configure:3140: $? = 0
configure:3149: result: yes
configure:3158: checking whether clang++ accepts -g
configure:3178: clang++ -c -g  conftest.cpp >&5
configure:3178: $? = 0
configure:3219: result: yes
configure:3246: checking for main in -lBulletCollision
configure:3265: clang -o conftest -g -O2   conftest.c -lBulletCollision   >&5
configure:3265: $? = 0
configure:3274: result: yes
configure:3286: checking for main in -lBulletDynamics
configure:3305: clang -o conftest -g -O2   conftest.c -lBulletDynamics  -lBulletCollision  >&5
configure:3305: $? = 0
configure:3314: result: yes
configure:3326: checking for main in -lBulletSoftBody
configure:3345: clang -o conftest -g -O2   conftest.c -lBulletSoftBody  -lBulletDynamics -lBulletCollision  >&5
configure:3345: $? = 0
configure:3354: result: yes
configure:3366: checking for main in -lGL
configure:3385: clang -o conftest -g -O2   conftest.c -lGL  -lBulletSoftBody -lBulletDynamics -lBulletCollision  >&5
configure:3385: $? = 0
configure:3394: result: yes
configure:3406: checking for main in -lGLEW
configure:3425: clang -o conftest -g -O2   conftest.c -lGLEW  -lGL -lBulletSoftBody -lBulletDynamics -lBulletCollision  >&5
configure:3425: $? = 0
configure:3434: result: yes
configure:3446: checking for main in -lLinearMath
configure:3465: clang -o conftest -g -O2   conftest.c -lLinearMath  -lGLEW -lGL -lBulletSoftBody -lBulletDynamics -lBulletCollision  >&5
configure:3465: $? = 0
configure:3474: result: yes
configure:3486: checking for main in -lalut
configure:3505: clang -o conftest -g -O2   conftest.c -lalut  -lLinearMath -lGLEW -lGL -lBulletSoftBody -lBulletDynamics -lBulletCollision  >&5
configure:3505: $? = 0
configure:3514: result: yes
configure:3526: checking for main in -lbsd
configure:3545: clang -o conftest -g -O2   conftest.c -lbsd  -lalut -lLinearMath -lGLEW -lGL -lBulletSoftBody -lBulletDynamics -lBulletCollision  >&5
configure:3545: $? = 0
configure:3554: result: yes
configure:3566: checking for main in -lfreetype
configure:3585: clang -o conftest -g -O2   conftest.c -lfreetype  -lbsd -lalut -lLinearMath -lGLEW -lGL -lBulletSoftBody -lBulletDynamics -lBulletCollision  >&5
configure:3585: $? = 0
configure:3594: result: yes
configure:3606: checking for main in -lglfw
configure:3625: clang -o conftest -g -O2   conftest.c -lglfw  -lfreetype -lbsd -lalut -lLinearMath -lGLEW -lGL -lBulletSoftBody -lBulletDynamics -lBulletCollision  >&5
configure:3625: $? = 0
configure:3634: result: yes
configure:3646: checking for main in -lobjc
configure:3665: clang -o conftest -g -O2   conftest.c -lobjc  -lglfw -lfreetype -lbsd -lalut -lLinearMath -lGLEW -lGL -lBulletSoftBody -lBulletDynamics -lBulletCollision  >&5
configure:3665: $? = 0
configure:3674: result: yes
configure:3686: checking for main in -lobjcxx
configure:3705: clang -o conftest -g -O2   conftest.c -lobjcxx  -lobjc -lglfw -lfreetype -lbsd -lalut -lLinearMath -lGLEW -lGL -lBulletSoftBody -lBulletDynamics -lBulletCollision  >&5
/usr/bin/ld: cannot find -lobjcxx
clang-3.9: error: linker command failed with exit code 1 (use -v to see invocation)
configure:3705: $? = 1
configure: failed program was:
| /* confdefs.h */
| #define PACKAGE_NAME "FULL-PACKAGE-NAME"
| #define PACKAGE_TARNAME "full-package-name"
| #define PACKAGE_VERSION "VERSION"
| #define PACKAGE_STRING "FULL-PACKAGE-NAME VERSION"
| #define PACKAGE_BUGREPORT "BUG-REPORT-ADDRESS"
| #define PACKAGE_URL ""
| #define HAVE_LIBBULLETCOLLISION 1
| #define HAVE_LIBBULLETDYNAMICS 1
| #define HAVE_LIBBULLETSOFTBODY 1
| #define HAVE_LIBGL 1
| #define HAVE_LIBGLEW 1
| #define HAVE_LIBLINEARMATH 1
| #define HAVE_LIBALUT 1
| #define HAVE_LIBBSD 1
| #define HAVE_LIBFREETYPE 1
| #define HAVE_LIBGLFW 1
| #define HAVE_LIBOBJC 1
| /* end confdefs.h.  */
| 
| 
| int
| main ()
| {
| return main ();
|   ;
|   return 0;
| }
configure:3714: result: no
configure:3726: checking for main in -lopenal
configure:3745: clang -o conftest -g -O2   conftest.c -lopenal  -lobjc -lglfw -lfreetype -lbsd -lalut -lLinearMath -lGLEW -lGL -lBulletSoftBody -lBulletDynamics -lBulletCollision  >&5
configure:3745: $? = 0
configure:3754: result: yes
configure:3766: checking for main in -lpng
configure:3785: clang -o conftest -g -O2   conftest.c -lpng  -lopenal -lobjc -lglfw -lfreetype -lbsd -lalut -lLinearMath -lGLEW -lGL -lBulletSoftBody -lBulletDynamics -lBulletCollision  >&5
configure:3785: $? = 0
configure:3794: result: yes
configure:3806: checking for main in -lvorbisfile
configure:3825: clang -o conftest -g -O2   conftest.c -lvorbisfile  -lpng -lopenal -lobjc -lglfw -lfreetype -lbsd -lalut -lLinearMath -lGLEW -lGL -lBulletSoftBody -lBulletDynamics -lBulletCollision  >&5
configure:3825: $? = 0
configure:3834: result: yes
configure:3846: checking for main in -lz
configure:3865: clang -o conftest -g -O2   conftest.c -lz  -lvorbisfile -lpng -lopenal -lobjc -lglfw -lfreetype -lbsd -lalut -lLinearMath -lGLEW -lGL -lBulletSoftBody -lBulletDynamics -lBulletCollision  >&5
configure:3865: $? = 0
configure:3874: result: yes
configure:3892: checking how to run the C preprocessor
configure:3923: clang -E  conftest.c
configure:3923: $? = 0
configure:3937: clang -E  conftest.c
conftest.c:24:10: fatal error: 'ac_nonexistent.h' file not found
#include <ac_nonexistent.h>
         ^
1 error generated.
configure:3937: $? = 1
configure: failed program was:
| /* confdefs.h */
| #define PACKAGE_NAME "FULL-PACKAGE-NAME"
| #define PACKAGE_TARNAME "full-package-name"
| #define PACKAGE_VERSION "VERSION"
| #define PACKAGE_STRING "FULL-PACKAGE-NAME VERSION"
| #define PACKAGE_BUGREPORT "BUG-REPORT-ADDRESS"
| #define PACKAGE_URL ""
| #define HAVE_LIBBULLETCOLLISION 1
| #define HAVE_LIBBULLETDYNAMICS 1
| #define HAVE_LIBBULLETSOFTBODY 1
| #define HAVE_LIBGL 1
| #define HAVE_LIBGLEW 1
| #define HAVE_LIBLINEARMATH 1
| #define HAVE_LIBALUT 1
| #define HAVE_LIBBSD 1
| #define HAVE_LIBFREETYPE 1
| #define HAVE_LIBGLFW 1
| #define HAVE_LIBOBJC 1
| #define HAVE_LIBOPENAL 1
| #define HAVE_LIBPNG 1
| #define HAVE_LIBVORBISFILE 1
| #define HAVE_LIBZ 1
| /* end confdefs.h.  */
| #include <ac_nonexistent.h>
configure:3962: result: clang -E
configure:3982: clang -E  conftest.c
configure:3982: $? = 0
configure:3996: clang -E  conftest.c
conftest.c:24:10: fatal error: 'ac_nonexistent.h' file not found
#include <ac_nonexistent.h>
         ^
1 error generated.
configure:3996: $? = 1
configure: failed program was:
| /* confdefs.h */
| #define PACKAGE_NAME "FULL-PACKAGE-NAME"
| #define PACKAGE_TARNAME "full-package-name"
| #define PACKAGE_VERSION "VERSION"
| #define PACKAGE_STRING "FULL-PACKAGE-NAME VERSION"
| #define PACKAGE_BUGREPORT "BUG-REPORT-ADDRESS"
| #define PACKAGE_URL ""
| #define HAVE_LIBBULLETCOLLISION 1
| #define HAVE_LIBBULLETDYNAMICS 1
| #define HAVE_LIBBULLETSOFTBODY 1
| #define HAVE_LIBGL 1
| #define HAVE_LIBGLEW 1
| #define HAVE_LIBLINEARMATH 1
| #define HAVE_LIBALUT 1
| #define HAVE_LIBBSD 1
| #define HAVE_LIBFREETYPE 1
| #define HAVE_LIBGLFW 1
| #define HAVE_LIBOBJC 1
| #define HAVE_LIBOPENAL 1
| #define HAVE_LIBPNG 1
| #define HAVE_LIBVORBISFILE 1
| #define HAVE_LIBZ 1
| /* end confdefs.h.  */
| #include <ac_nonexistent.h>
configure:4025: checking for grep that handles long lines and -e
configure:4083: result: /usr/bin/grep
configure:4088: checking for egrep
configure:4150: result: /usr/bin/grep -E
configure:4155: checking for ANSI C header files
configure:4175: clang -c -g -O2  conftest.c >&5
configure:4175: $? = 0
configure:4248: clang -o conftest -g -O2   conftest.c -lz -lvorbisfile -lpng -lopenal -lobjc -lglfw -lfreetype -lbsd -lalut -lLinearMath -lGLEW -lGL -lBulletSoftBody -lBulletDynamics -lBulletCollision  >&5
configure:4248: $? = 0
configure:4248: ./conftest
configure:4248: $? = 0
configure:4259: result: yes
configure:4272: checking for sys/types.h
configure:4272: clang -c -g -O2  conftest.c >&5
configure:4272: $? = 0
configure:4272: result: yes
configure:4272: checking for sys/stat.h
configure:4272: clang -c -g -O2  conftest.c >&5
configure:4272: $? = 0
configure:4272: result: yes
configure:4272: checking for stdlib.h
configure:4272: clang -c -g -O2  conftest.c >&5
configure:4272: $? = 0
configure:4272: result: yes
configure:4272: checking for string.h
configure:4272: clang -c -g -O2  conftest.c >&5
configure:4272: $? = 0
configure:4272: result: yes
configure:4272: checking for memory.h
configure:4272: clang -c -g -O2  conftest.c >&5
configure:4272: $? = 0
configure:4272: result: yes
configure:4272: checking for strings.h
configure:4272: clang -c -g -O2  conftest.c >&5
configure:4272: $? = 0
configure:4272: result: yes
configure:4272: checking for inttypes.h
configure:4272: clang -c -g -O2  conftest.c >&5
configure:4272: $? = 0
configure:4272: result: yes
configure:4272: checking for stdint.h
configure:4272: clang -c -g -O2  conftest.c >&5
configure:4272: $? = 0
configure:4272: result: yes
configure:4272: checking for unistd.h
configure:4272: clang -c -g -O2  conftest.c >&5
configure:4272: $? = 0
configure:4272: result: yes
configure:4286: checking sys/ioctl.h usability
configure:4286: clang -c -g -O2  conftest.c >&5
configure:4286: $? = 0
configure:4286: result: yes
configure:4286: checking sys/ioctl.h presence
configure:4286: clang -E  conftest.c
configure:4286: $? = 0
configure:4286: result: yes
configure:4286: checking for sys/ioctl.h
configure:4286: result: yes
configure:4298: checking for stdbool.h that conforms to C99
configure:4365: clang -c -g -O2  conftest.c >&5
conftest.c:84:24: warning: address of 's' will always evaluate to 'true' [-Wpointer-bool-conversion]
             bool e = &s;
                  ~    ^
conftest.c:88:23: warning: address of array 'a' will always evaluate to 'true' [-Wpointer-bool-conversion]
             return (!a + !b + !c + !d + !e + !f + !g + !h + !i + !!j + !k + !!l
                     ~^
conftest.c:88:28: warning: address of array 'b' will always evaluate to 'true' [-Wpointer-bool-conversion]
             return (!a + !b + !c + !d + !e + !f + !g + !h + !i + !!j + !k + !!l
                          ~^
conftest.c:88:33: warning: address of array 'c' will always evaluate to 'true' [-Wpointer-bool-conversion]
             return (!a + !b + !c + !d + !e + !f + !g + !h + !i + !!j + !k + !!l
                               ~^
conftest.c:88:38: warning: address of array 'd' will always evaluate to 'true' [-Wpointer-bool-conversion]
             return (!a + !b + !c + !d + !e + !f + !g + !h + !i + !!j + !k + !!l
                                    ~^
conftest.c:88:48: warning: address of array 'f' will always evaluate to 'true' [-Wpointer-bool-conversion]
             return (!a + !b + !c + !d + !e + !f + !g + !h + !i + !!j + !k + !!l
                                              ~^
conftest.c:88:53: warning: address of array 'g' will always evaluate to 'true' [-Wpointer-bool-conversion]
             return (!a + !b + !c + !d + !e + !f + !g + !h + !i + !!j + !k + !!l
                                                   ~^
conftest.c:88:58: warning: address of array 'h' will always evaluate to 'true' [-Wpointer-bool-conversion]
             return (!a + !b + !c + !d + !e + !f + !g + !h + !i + !!j + !k + !!l
                                                        ~^
conftest.c:88:63: warning: address of array 'i' will always evaluate to 'true' [-Wpointer-bool-conversion]
             return (!a + !b + !c + !d + !e + !f + !g + !h + !i + !!j + !k + !!l
                                                             ~^
conftest.c:89:30: warning: address of array 'n' will always evaluate to 'true' [-Wpointer-bool-conversion]
                            ~^
conftest.c:89:35: warning: address of array 'o' will always evaluate to 'true' [-Wpointer-bool-conversion]
                                 ~^
conftest.c:89:40: warning: address of array 'p' will always evaluate to 'true' [-Wpointer-bool-conversion]
                                      ~^
12 warnings generated.
configure:4365: $? = 0
configure:4372: result: yes
configure:4374: checking for _Bool
configure:4374: clang -c -g -O2  conftest.c >&5
configure:4374: $? = 0
configure:4374: clang -c -g -O2  conftest.c >&5
conftest.c:71:20: error: expected expression
if (sizeof ((_Bool)))
                   ^
1 error generated.
configure:4374: $? = 1
configure: failed program was:
| /* confdefs.h */
| #define PACKAGE_NAME "FULL-PACKAGE-NAME"
| #define PACKAGE_TARNAME "full-package-name"
| #define PACKAGE_VERSION "VERSION"
| #define PACKAGE_STRING "FULL-PACKAGE-NAME VERSION"
| #define PACKAGE_BUGREPORT "BUG-REPORT-ADDRESS"
| #define PACKAGE_URL ""
| #define HAVE_LIBBULLETCOLLISION 1
| #define HAVE_LIBBULLETDYNAMICS 1
| #define HAVE_LIBBULLETSOFTBODY 1
| #define HAVE_LIBGL 1
| #define HAVE_LIBGLEW 1
| #define HAVE_LIBLINEARMATH 1
| #define HAVE_LIBALUT 1
| #define HAVE_LIBBSD 1
| #define HAVE_LIBFREETYPE 1
| #define HAVE_LIBGLFW 1
| #define HAVE_LIBOBJC 1
| #define HAVE_LIBOPENAL 1
| #define HAVE_LIBPNG 1
| #define HAVE_LIBVORBISFILE 1
| #define HAVE_LIBZ 1
| #define STDC_HEADERS 1
| #define HAVE_SYS_TYPES_H 1
| #define HAVE_SYS_STAT_H 1
| #define HAVE_STDLIB_H 1
| #define HAVE_STRING_H 1
| #define HAVE_MEMORY_H 1
| #define HAVE_STRINGS_H 1
| #define HAVE_INTTYPES_H 1
| #define HAVE_STDINT_H 1
| #define HAVE_UNISTD_H 1
| #define HAVE_SYS_IOCTL_H 1
| /* end confdefs.h.  */
| #include <stdio.h>
| #ifdef HAVE_SYS_TYPES_H
| # include <sys/types.h>
| #endif
| #ifdef HAVE_SYS_STAT_H
| # include <sys/stat.h>
| #endif
| #ifdef STDC_HEADERS
| # include <stdlib.h>
| # include <stddef.h>
| #else
| # ifdef HAVE_STDLIB_H
| #  include <stdlib.h>
| # endif
| #endif
| #ifdef HAVE_STRING_H
| # if !defined STDC_HEADERS && defined HAVE_MEMORY_H
| #  include <memory.h>
| # endif
| # include <string.h>
| #endif
| #ifdef HAVE_STRINGS_H
| # include <strings.h>
| #endif
| #ifdef HAVE_INTTYPES_H
| # include <inttypes.h>
| #endif
| #ifdef HAVE_STDINT_H
| # include <stdint.h>
| #endif
| #ifdef HAVE_UNISTD_H
| # include <unistd.h>
| #endif
| int
| main ()
| {
| if (sizeof ((_Bool)))
| 	    return 0;
|   ;
|   return 0;
| }
configure:4374: result: yes
configure:4385: checking for inline
configure:4401: clang -c -g -O2  conftest.c >&5
configure:4401: $? = 0
configure:4409: result: inline
configure:4427: checking for size_t
configure:4427: clang -c -g -O2  conftest.c >&5
configure:4427: $? = 0
configure:4427: clang -c -g -O2  conftest.c >&5
conftest.c:72:21: error: expected expression
if (sizeof ((size_t)))
                    ^
1 error generated.
configure:4427: $? = 1
configure: failed program was:
| /* confdefs.h */
| #define PACKAGE_NAME "FULL-PACKAGE-NAME"
| #define PACKAGE_TARNAME "full-package-name"
| #define PACKAGE_VERSION "VERSION"
| #define PACKAGE_STRING "FULL-PACKAGE-NAME VERSION"
| #define PACKAGE_BUGREPORT "BUG-REPORT-ADDRESS"
| #define PACKAGE_URL ""
| #define HAVE_LIBBULLETCOLLISION 1
| #define HAVE_LIBBULLETDYNAMICS 1
| #define HAVE_LIBBULLETSOFTBODY 1
| #define HAVE_LIBGL 1
| #define HAVE_LIBGLEW 1
| #define HAVE_LIBLINEARMATH 1
| #define HAVE_LIBALUT 1
| #define HAVE_LIBBSD 1
| #define HAVE_LIBFREETYPE 1
| #define HAVE_LIBGLFW 1
| #define HAVE_LIBOBJC 1
| #define HAVE_LIBOPENAL 1
| #define HAVE_LIBPNG 1
| #define HAVE_LIBVORBISFILE 1
| #define HAVE_LIBZ 1
| #define STDC_HEADERS 1
| #define HAVE_SYS_TYPES_H 1
| #define HAVE_SYS_STAT_H 1
| #define HAVE_STDLIB_H 1
| #define HAVE_STRING_H 1
| #define HAVE_MEMORY_H 1
| #define HAVE_STRINGS_H 1
| #define HAVE_INTTYPES_H 1
| #define HAVE_STDINT_H 1
| #define HAVE_UNISTD_H 1
| #define HAVE_SYS_IOCTL_H 1
| #define HAVE__BOOL 1
| /* end confdefs.h.  */
| #include <stdio.h>
| #ifdef HAVE_SYS_TYPES_H
| # include <sys/types.h>
| #endif
| #ifdef HAVE_SYS_STAT_H
| # include <sys/stat.h>
| #endif
| #ifdef STDC_HEADERS
| # include <stdlib.h>
| # include <stddef.h>
| #else
| # ifdef HAVE_STDLIB_H
| #  include <stdlib.h>
| # endif
| #endif
| #ifdef HAVE_STRING_H
| # if !defined STDC_HEADERS && defined HAVE_MEMORY_H
| #  include <memory.h>
| # endif
| # include <string.h>
| #endif
| #ifdef HAVE_STRINGS_H
| # include <strings.h>
| #endif
| #ifdef HAVE_INTTYPES_H
| # include <inttypes.h>
| #endif
| #ifdef HAVE_STDINT_H
| # include <stdint.h>
| #endif
| #ifdef HAVE_UNISTD_H
| # include <unistd.h>
| #endif
| int
| main ()
| {
| if (sizeof ((size_t)))
| 	    return 0;
|   ;
|   return 0;
| }
configure:4427: result: yes
configure:4442: checking for stdlib.h
configure:4442: result: yes
configure:4452: checking for GNU libc compatible malloc
configure:4476: clang -o conftest -g -O2   conftest.c -lz -lvorbisfile -lpng -lopenal -lobjc -lglfw -lfreetype -lbsd -lalut -lLinearMath -lGLEW -lGL -lBulletSoftBody -lBulletDynamics -lBulletCollision  >&5
configure:4476: $? = 0
configure:4476: ./conftest
configure:4476: $? = 0
configure:4486: result: yes
configure:4510: checking for atexit
configure:4510: clang -o conftest -g -O2   conftest.c -lz -lvorbisfile -lpng -lopenal -lobjc -lglfw -lfreetype -lbsd -lalut -lLinearMath -lGLEW -lGL -lBulletSoftBody -lBulletDynamics -lBulletCollision  >&5
configure:4510: $? = 0
configure:4510: result: yes
configure:4510: checking for floor
configure:4510: clang -o conftest -g -O2   conftest.c -lz -lvorbisfile -lpng -lopenal -lobjc -lglfw -lfreetype -lbsd -lalut -lLinearMath -lGLEW -lGL -lBulletSoftBody -lBulletDynamics -lBulletCollision  >&5
conftest.c:62:6: warning: incompatible redeclaration of library function 'floor' [-Wincompatible-library-redeclaration]
char floor ();
     ^
conftest.c:62:6: note: 'floor' is a builtin with type 'double (double)'
1 warning generated.
/usr/bin/ld: /tmp/conftest-46414c.o: undefined reference to symbol 'floor@@GLIBC_2.2.5'
/usr/lib64/libm.so.6: error adding symbols: DSO missing from command line
clang-3.9: error: linker command failed with exit code 1 (use -v to see invocation)
configure:4510: $? = 1
configure: failed program was:
| /* confdefs.h */
| #define PACKAGE_NAME "FULL-PACKAGE-NAME"
| #define PACKAGE_TARNAME "full-package-name"
| #define PACKAGE_VERSION "VERSION"
| #define PACKAGE_STRING "FULL-PACKAGE-NAME VERSION"
| #define PACKAGE_BUGREPORT "BUG-REPORT-ADDRESS"
| #define PACKAGE_URL ""
| #define HAVE_LIBBULLETCOLLISION 1
| #define HAVE_LIBBULLETDYNAMICS 1
| #define HAVE_LIBBULLETSOFTBODY 1
| #define HAVE_LIBGL 1
| #define HAVE_LIBGLEW 1
| #define HAVE_LIBLINEARMATH 1
| #define HAVE_LIBALUT 1
| #define HAVE_LIBBSD 1
| #define HAVE_LIBFREETYPE 1
| #define HAVE_LIBGLFW 1
| #define HAVE_LIBOBJC 1
| #define HAVE_LIBOPENAL 1
| #define HAVE_LIBPNG 1
| #define HAVE_LIBVORBISFILE 1
| #define HAVE_LIBZ 1
| #define STDC_HEADERS 1
| #define HAVE_SYS_TYPES_H 1
| #define HAVE_SYS_STAT_H 1
| #define HAVE_STDLIB_H 1
| #define HAVE_STRING_H 1
| #define HAVE_MEMORY_H 1
| #define HAVE_STRINGS_H 1
| #define HAVE_INTTYPES_H 1
| #define HAVE_STDINT_H 1
| #define HAVE_UNISTD_H 1
| #define HAVE_SYS_IOCTL_H 1
| #define HAVE__BOOL 1
| #define HAVE_STDLIB_H 1
| #define HAVE_MALLOC 1
| #define HAVE_ATEXIT 1
| /* end confdefs.h.  */
| /* Define floor to an innocuous variant, in case <limits.h> declares floor.
|    For example, HP-UX 11i <limits.h> declares gettimeofday.  */
| #define floor innocuous_floor
| 
| /* System header to define __stub macros and hopefully few prototypes,
|     which can conflict with char floor (); below.
|     Prefer <limits.h> to <assert.h> if __STDC__ is defined, since
|     <limits.h> exists even on freestanding compilers.  */
| 
| #ifdef __STDC__
| # include <limits.h>
| #else
| # include <assert.h>
| #endif
| 
| #undef floor
| 
| /* Override any GCC internal prototype to avoid an error.
|    Use char because int might match the return type of a GCC
|    builtin and then its argument prototype would still apply.  */
| #ifdef __cplusplus
| extern "C"
| #endif
| char floor ();
| /* The GNU C library defines this for functions which it implements
|     to always fail with ENOSYS.  Some functions are actually named
|     something starting with __ and the normal name is an alias.  */
| #if defined __stub_floor || defined __stub___floor
| choke me
| #endif
| 
| int
| main ()
| {
| return floor ();
|   ;
|   return 0;
| }
configure:4510: result: no
configure:4510: checking for pow
configure:4510: clang -o conftest -g -O2   conftest.c -lz -lvorbisfile -lpng -lopenal -lobjc -lglfw -lfreetype -lbsd -lalut -lLinearMath -lGLEW -lGL -lBulletSoftBody -lBulletDynamics -lBulletCollision  >&5
conftest.c:62:6: warning: incompatible redeclaration of library function 'pow' [-Wincompatible-library-redeclaration]
char pow ();
     ^
conftest.c:62:6: note: 'pow' is a builtin with type 'double (double, double)'
1 warning generated.
/usr/bin/ld: /tmp/conftest-838ca5.o: undefined reference to symbol 'pow@@GLIBC_2.2.5'
/usr/lib64/libm.so.6: error adding symbols: DSO missing from command line
clang-3.9: error: linker command failed with exit code 1 (use -v to see invocation)
configure:4510: $? = 1
configure: failed program was:
| /* confdefs.h */
| #define PACKAGE_NAME "FULL-PACKAGE-NAME"
| #define PACKAGE_TARNAME "full-package-name"
| #define PACKAGE_VERSION "VERSION"
| #define PACKAGE_STRING "FULL-PACKAGE-NAME VERSION"
| #define PACKAGE_BUGREPORT "BUG-REPORT-ADDRESS"
| #define PACKAGE_URL ""
| #define HAVE_LIBBULLETCOLLISION 1
| #define HAVE_LIBBULLETDYNAMICS 1
| #define HAVE_LIBBULLETSOFTBODY 1
| #define HAVE_LIBGL 1
| #define HAVE_LIBGLEW 1
| #define HAVE_LIBLINEARMATH 1
| #define HAVE_LIBALUT 1
| #define HAVE_LIBBSD 1
| #define HAVE_LIBFREETYPE 1
| #define HAVE_LIBGLFW 1
| #define HAVE_LIBOBJC 1
| #define HAVE_LIBOPENAL 1
| #define HAVE_LIBPNG 1
| #define HAVE_LIBVORBISFILE 1
| #define HAVE_LIBZ 1
| #define STDC_HEADERS 1
| #define HAVE_SYS_TYPES_H 1
| #define HAVE_SYS_STAT_H 1
| #define HAVE_STDLIB_H 1
| #define HAVE_STRING_H 1
| #define HAVE_MEMORY_H 1
| #define HAVE_STRINGS_H 1
| #define HAVE_INTTYPES_H 1
| #define HAVE_STDINT_H 1
| #define HAVE_UNISTD_H 1
| #define HAVE_SYS_IOCTL_H 1
| #define HAVE__BOOL 1
| #define HAVE_STDLIB_H 1
| #define HAVE_MALLOC 1
| #define HAVE_ATEXIT 1
| /* end confdefs.h.  */
| /* Define pow to an innocuous variant, in case <limits.h> declares pow.
|    For example, HP-UX 11i <limits.h> declares gettimeofday.  */
| #define pow innocuous_pow
| 
| /* System header to define __stub macros and hopefully few prototypes,
|     which can conflict with char pow (); below.
|     Prefer <limits.h> to <assert.h> if __STDC__ is defined, since
|     <limits.h> exists even on freestanding compilers.  */
| 
| #ifdef __STDC__
| # include <limits.h>
| #else
| # include <assert.h>
| #endif
| 
| #undef pow
| 
| /* Override any GCC internal prototype to avoid an error.
|    Use char because int might match the return type of a GCC
|    builtin and then its argument prototype would still apply.  */
| #ifdef __cplusplus
| extern "C"
| #endif
| char pow ();
| /* The GNU C library defines this for functions which it implements
|     to always fail with ENOSYS.  Some functions are actually named
|     something starting with __ and the normal name is an alias.  */
| #if defined __stub_pow || defined __stub___pow
| choke me
| #endif
| 
| int
| main ()
| {
| return pow ();
|   ;
|   return 0;
| }
configure:4510: result: no
configure:4510: checking for sqrt
configure:4510: clang -o conftest -g -O2   conftest.c -lz -lvorbisfile -lpng -lopenal -lobjc -lglfw -lfreetype -lbsd -lalut -lLinearMath -lGLEW -lGL -lBulletSoftBody -lBulletDynamics -lBulletCollision  >&5
conftest.c:62:6: warning: incompatible redeclaration of library function 'sqrt' [-Wincompatible-library-redeclaration]
char sqrt ();
     ^
conftest.c:62:6: note: 'sqrt' is a builtin with type 'double (double)'
1 warning generated.
/usr/bin/ld: /tmp/conftest-4ffdfe.o: undefined reference to symbol 'sqrt@@GLIBC_2.2.5'
/usr/lib64/libm.so.6: error adding symbols: DSO missing from command line
clang-3.9: error: linker command failed with exit code 1 (use -v to see invocation)
configure:4510: $? = 1
configure: failed program was:
| /* confdefs.h */
| #define PACKAGE_NAME "FULL-PACKAGE-NAME"
| #define PACKAGE_TARNAME "full-package-name"
| #define PACKAGE_VERSION "VERSION"
| #define PACKAGE_STRING "FULL-PACKAGE-NAME VERSION"
| #define PACKAGE_BUGREPORT "BUG-REPORT-ADDRESS"
| #define PACKAGE_URL ""
| #define HAVE_LIBBULLETCOLLISION 1
| #define HAVE_LIBBULLETDYNAMICS 1
| #define HAVE_LIBBULLETSOFTBODY 1
| #define HAVE_LIBGL 1
| #define HAVE_LIBGLEW 1
| #define HAVE_LIBLINEARMATH 1
| #define HAVE_LIBALUT 1
| #define HAVE_LIBBSD 1
| #define HAVE_LIBFREETYPE 1
| #define HAVE_LIBGLFW 1
| #define HAVE_LIBOBJC 1
| #define HAVE_LIBOPENAL 1
| #define HAVE_LIBPNG 1
| #define HAVE_LIBVORBISFILE 1
| #define HAVE_LIBZ 1
| #define STDC_HEADERS 1
| #define HAVE_SYS_TYPES_H 1
| #define HAVE_SYS_STAT_H 1
| #define HAVE_STDLIB_H 1
| #define HAVE_STRING_H 1
| #define HAVE_MEMORY_H 1
| #define HAVE_STRINGS_H 1
| #define HAVE_INTTYPES_H 1
| #define HAVE_STDINT_H 1
| #define HAVE_UNISTD_H 1
| #define HAVE_SYS_IOCTL_H 1
| #define HAVE__BOOL 1
| #define HAVE_STDLIB_H 1
| #define HAVE_MALLOC 1
| #define HAVE_ATEXIT 1
| /* end confdefs.h.  */
| /* Define sqrt to an innocuous variant, in case <limits.h> declares sqrt.
|    For example, HP-UX 11i <limits.h> declares gettimeofday.  */
| #define sqrt innocuous_sqrt
| 
| /* System header to define __stub macros and hopefully few prototypes,
|     which can conflict with char sqrt (); below.
|     Prefer <limits.h> to <assert.h> if __STDC__ is defined, since
|     <limits.h> exists even on freestanding compilers.  */
| 
| #ifdef __STDC__
| # include <limits.h>
| #else
| # include <assert.h>
| #endif
| 
| #undef sqrt
| 
| /* Override any GCC internal prototype to avoid an error.
|    Use char because int might match the return type of a GCC
|    builtin and then its argument prototype would still apply.  */
| #ifdef __cplusplus
| extern "C"
| #endif
| char sqrt ();
| /* The GNU C library defines this for functions which it implements
|     to always fail with ENOSYS.  Some functions are actually named
|     something starting with __ and the normal name is an alias.  */
| #if defined __stub_sqrt || defined __stub___sqrt
| choke me
| #endif
| 
| int
| main ()
| {
| return sqrt ();
|   ;
|   return 0;
| }
configure:4510: result: no
configure:4510: checking for strchr
configure:4510: clang -o conftest -g -O2   conftest.c -lz -lvorbisfile -lpng -lopenal -lobjc -lglfw -lfreetype -lbsd -lalut -lLinearMath -lGLEW -lGL -lBulletSoftBody -lBulletDynamics -lBulletCollision  >&5
conftest.c:62:6: warning: incompatible redeclaration of library function 'strchr' [-Wincompatible-library-redeclaration]
char strchr ();
     ^
conftest.c:62:6: note: 'strchr' is a builtin with type 'char *(const char *, int)'
1 warning generated.
configure:4510: $? = 0
configure:4510: result: yes
configure:4510: checking for strstr
configure:4510: clang -o conftest -g -O2   conftest.c -lz -lvorbisfile -lpng -lopenal -lobjc -lglfw -lfreetype -lbsd -lalut -lLinearMath -lGLEW -lGL -lBulletSoftBody -lBulletDynamics -lBulletCollision  >&5
conftest.c:63:6: warning: incompatible redeclaration of library function 'strstr' [-Wincompatible-library-redeclaration]
char strstr ();
     ^
conftest.c:63:6: note: 'strstr' is a builtin with type 'char *(const char *, const char *)'
1 warning generated.
configure:4510: $? = 0
configure:4510: result: yes
configure:4636: creating ./config.status

## ---------------------- ##
## Running config.status. ##
## ---------------------- ##

This file was extended by FULL-PACKAGE-NAME config.status VERSION, which was
generated by GNU Autoconf 2.69.  Invocation command line was

  CONFIG_FILES    = 
  CONFIG_HEADERS  = 
  CONFIG_LINKS    = 
  CONFIG_COMMANDS = 
  $ ./config.status 

on GarAus

config.status:822: creating Makefile
config.status:822: creating config.h
config.status:992: config.h is unchanged

## ---------------- ##
## Cache variables. ##
## ---------------- ##

ac_cv_c_compiler_gnu=yes
ac_cv_c_inline=inline
ac_cv_cxx_compiler_gnu=yes
ac_cv_env_CCC_set=
ac_cv_env_CCC_value=
ac_cv_env_CC_set=set
ac_cv_env_CC_value=clang
ac_cv_env_CFLAGS_set=
ac_cv_env_CFLAGS_value=
ac_cv_env_CPPFLAGS_set=
ac_cv_env_CPPFLAGS_value=
ac_cv_env_CPP_set=
ac_cv_env_CPP_value=
ac_cv_env_CXXFLAGS_set=
ac_cv_env_CXXFLAGS_value=
ac_cv_env_CXX_set=set
ac_cv_env_CXX_value=clang++
ac_cv_env_LDFLAGS_set=
ac_cv_env_LDFLAGS_value=
ac_cv_env_LIBS_set=
ac_cv_env_LIBS_value=
ac_cv_env_build_alias_set=
ac_cv_env_build_alias_value=
ac_cv_env_host_alias_set=
ac_cv_env_host_alias_value=
ac_cv_env_target_alias_set=
ac_cv_env_target_alias_value=
ac_cv_func_atexit=yes
ac_cv_func_floor=no
ac_cv_func_malloc_0_nonnull=yes
ac_cv_func_pow=no
ac_cv_func_sqrt=no
ac_cv_func_strchr=yes
ac_cv_func_strstr=yes
ac_cv_header_inttypes_h=yes
ac_cv_header_memory_h=yes
ac_cv_header_stdbool_h=yes
ac_cv_header_stdc=yes
ac_cv_header_stdint_h=yes
ac_cv_header_stdlib_h=yes
ac_cv_header_string_h=yes
ac_cv_header_strings_h=yes
ac_cv_header_sys_ioctl_h=yes
ac_cv_header_sys_stat_h=yes
ac_cv_header_sys_types_h=yes
ac_cv_header_unistd_h=yes
ac_cv_lib_BulletCollision_main=yes
ac_cv_lib_BulletDynamics_main=yes
ac_cv_lib_BulletSoftBody_main=yes
ac_cv_lib_GLEW_main=yes
ac_cv_lib_GL_main=yes
ac_cv_lib_LinearMath_main=yes
ac_cv_lib_alut_main=yes
ac_cv_lib_bsd_main=yes
ac_cv_lib_freetype_main=yes
ac_cv_lib_glfw_main=yes
ac_cv_lib_objc_main=yes
ac_cv_lib_objcxx_main=no
ac_cv_lib_openal_main=yes
ac_cv_lib_png_main=yes
ac_cv_lib_vorbisfile_main=yes
ac_cv_lib_z_main=yes
ac_cv_objext=o
ac_cv_path_EGREP='/usr/bin/grep -E'
ac_cv_path_GREP=/usr/bin/grep
ac_cv_prog_CPP='clang -E'
ac_cv_prog_ac_ct_CC=clang
ac_cv_prog_cc_c89=
ac_cv_prog_cc_g=yes
ac_cv_prog_cxx_g=yes
ac_cv_type__Bool=yes
ac_cv_type_size_t=yes

## ----------------- ##
## Output variables. ##
## ----------------- ##

CC='clang'
CFLAGS='-g -O2'
CPP='clang -E'
CPPFLAGS=''
CXX='clang++'
CXXFLAGS='-g -O2'
DEFS='-DHAVE_CONFIG_H'
ECHO_C=''
ECHO_N='-n'
ECHO_T=''
EGREP='/usr/bin/grep -E'
EXEEXT=''
GREP='/usr/bin/grep'
LDFLAGS=''
LIBOBJS=''
LIBS='-lz -lvorbisfile -lpng -lopenal -lobjc -lglfw -lfreetype -lbsd -lalut -lLinearMath -lGLEW -lGL -lBulletSoftBody -lBulletDynamics -lBulletCollision '
LTLIBOBJS=''
OBJEXT='o'
PACKAGE_BUGREPORT='BUG-REPORT-ADDRESS'
PACKAGE_NAME='FULL-PACKAGE-NAME'
PACKAGE_STRING='FULL-PACKAGE-NAME VERSION'
PACKAGE_TARNAME='full-package-name'
PACKAGE_URL=''
PACKAGE_VERSION='VERSION'
PATH_SEPARATOR=':'
SHELL='/bin/sh'
ac_ct_CC='clang'
ac_ct_CXX=''
bindir='${exec_prefix}/bin'
build_alias=''
datadir='${datarootdir}'
datarootdir='${prefix}/share'
docdir='${datarootdir}/doc/${PACKAGE_TARNAME}'
dvidir='${docdir}'
exec_prefix='${prefix}'
host_alias=''
htmldir='${docdir}'
includedir='${prefix}/include'
infodir='${datarootdir}/info'
libdir='${exec_prefix}/lib'
libexecdir='${exec_prefix}/libexec'
localedir='${datarootdir}/locale'
localstatedir='${prefix}/var'
mandir='${datarootdir}/man'
oldincludedir='/usr/include'
pdfdir='${docdir}'
prefix='/usr/local'
program_transform_name='s,x,x,'
psdir='${docdir}'
sbindir='${exec_prefix}/sbin'
sharedstatedir='${prefix}/com'
sysconfdir='${prefix}/etc'
target_alias=''

## ----------- ##
## confdefs.h. ##
## ----------- ##

/* confdefs.h */
#define PACKAGE_NAME "FULL-PACKAGE-NAME"
#define PACKAGE_TARNAME "full-package-name"
#define PACKAGE_VERSION "VERSION"
#define PACKAGE_STRING "FULL-PACKAGE-NAME VERSION"
#define PACKAGE_BUGREPORT "BUG-REPORT-ADDRESS"
#define PACKAGE_URL ""
#define HAVE_LIBBULLETCOLLISION 1
#define HAVE_LIBBULLETDYNAMICS 1
#define HAVE_LIBBULLETSOFTBODY 1
#define HAVE_LIBGL 1
#define HAVE_LIBGLEW 1
#define HAVE_LIBLINEARMATH 1
#define HAVE_LIBALUT 1
#define HAVE_LIBBSD 1
#define HAVE_LIBFREETYPE 1
#define HAVE_LIBGLFW 1
#define HAVE_LIBOBJC 1
#define HAVE_LIBOPENAL 1
#define HAVE_LIBPNG 1
#define HAVE_LIBVORBISFILE 1
#define HAVE_LIBZ 1
#define STDC_HEADERS 1
#define HAVE_SYS_TYPES_H 1
#define HAVE_SYS_STAT_H 1
#define HAVE_STDLIB_H 1
#define HAVE_STRING_H 1
#define HAVE_MEMORY_H 1
#define HAVE_STRINGS_H 1
#define HAVE_INTTYPES_H 1
#define HAVE_STDINT_H 1
#define HAVE_UNISTD_H 1
#define HAVE_SYS_IOCTL_H 1
#define HAVE__BOOL 1
#define HAVE_STDLIB_H 1
#define HAVE_MALLOC 1
#define HAVE_ATEXIT 1
#define HAVE_STRCHR 1
#define HAVE_STRSTR 1

configure: exit 0
